2020-12-03 12:37:16 CST - password - ERROR - Fail to stream telemetry data: Expecting value: line 1 column 1 (char 0)
2020-12-03 12:38:26 CST - password - ERROR - Fail to stream telemetry data: Expecting value: line 1 column 1 (char 0)
2020-12-03 12:54:18 CST - password - ERROR - Fail to process metric values: 'MetircValue'
2020-12-03 12:54:18 CST - password - ERROR - Fail to process metric values: 'MetircValue'
2020-12-03 12:54:28 CST - password - ERROR - Fail to process metric values: 'MetircValue'
2020-12-03 12:54:28 CST - password - ERROR - Fail to process metric values: 'MetircValue'
2020-12-03 12:54:54 CST - password - ERROR - Fail to process metric values: 'MetircValue'
2020-12-03 12:54:54 CST - password - ERROR - Fail to process metric values: 'MetircValue'
2020-12-03 12:54:54 CST - password - ERROR - Fail to process metric values: 'MetircValue'
2020-12-09 18:29:08 CST - password - ERROR - Fail to stream telemetry data: local variable 'count' referenced before assignment
2020-12-09 20:06:55 CST - password - ERROR - Fail to stream telemetry data: name 'pandas' is not defined
2020-12-09 20:28:02 CST - password - ERROR - Fail to stream telemetry data: 'Timestamp'
2020-12-09 20:35:58 CST - password - ERROR - Fail to stream telemetry data: 'DataFrameGroupBy' object has no attribute 'unstack'
2020-12-09 20:53:35 CST - password - ERROR - Fail to stream telemetry data: 'Timestamp'
2020-12-09 20:59:01 CST - password - ERROR - Fail to stream telemetry data: 'Timestamp'
2020-12-09 21:00:36 CST - password - ERROR - Fail to stream telemetry data: 'Timestamp'
2020-12-09 21:02:06 CST - password - ERROR - Fail to stream telemetry data: No matching signature found
2020-12-09 21:04:07 CST - password - ERROR - Fail to stream telemetry data: No matching signature found
2020-12-10 07:59:00 CST - password - ERROR - Fail to stream telemetry data: local variable 'columes' referenced before assignment
2020-12-10 08:00:00 CST - password - ERROR - Fail to stream telemetry data: local variable 'columes' referenced before assignment
2020-12-10 08:01:21 CST - password - ERROR - Fail to stream telemetry data: unsupported operand type(s) for +: 'set' and 'set'
2020-12-10 08:02:31 CST - password - ERROR - Fail to stream telemetry data: ('value', 'PowerMetrics_SystemHeadRoomInstantaneous')
2020-12-10 08:03:26 CST - password - ERROR - Fail to stream telemetry data: ('value', 'PowerStatistics_LastWeekMinPowerTime')
2020-12-10 08:22:08 CST - password - ERROR - Fail to stream telemetry data: "None of ['Timestamp'] are in the columns"
2020-12-10 08:23:48 CST - password - ERROR - Fail to stream telemetry data: "None of ['Timestamp'] are in the columns"
2020-12-10 08:25:49 CST - password - ERROR - Fail to stream telemetry data: 'metrics'
2020-12-10 08:27:24 CST - password - ERROR - Fail to stream telemetry data: "None of ['Timestamp'] are in the columns"
2020-12-10 08:33:50 CST - password - ERROR - Fail to stream telemetry data: 'timestamp'
2020-12-10 08:35:25 CST - password - ERROR - Fail to stream telemetry data: 'Timestamp'
2020-12-10 08:38:30 CST - password - ERROR - Fail to stream telemetry data: sort_values() missing 1 required positional argument: 'by'
2020-12-10 08:40:30 CST - password - ERROR - Fail to stream telemetry data: sort_values() missing 1 required positional argument: 'by'
2020-12-10 08:41:56 CST - password - ERROR - Fail to stream telemetry data: sort_values() missing 1 required positional argument: 'by'
2020-12-11 08:12:15 CST - password - ERROR - Fail to process metric values: int() argument must be a string, a bytes-like object or a number, not 'NoneType'
2020-12-11 08:15:20 CST - password - ERROR - Fail to process metric values: int() argument must be a string, a bytes-like object or a number, not 'NoneType'
2020-12-11 08:25:16 CST - password - ERROR - Fail to process metric values: could not convert string to float: '2020-12-10T22:12:20-06:00'
2020-12-11 08:25:27 CST - password - ERROR - Fail to process metric values: could not convert string to float: 'Down'
2020-12-11 08:38:18 CST - password - ERROR - Fail to process metric values: could not convert string to float: '2020-12-10T22:12:20-06:00'
2020-12-11 08:38:28 CST - password - ERROR - Fail to process metric values: could not convert string to float: 'Down'
2021-01-13 21:09:28 CST - password - ERROR - Fail to process metric values: could not convert string to float: '2021-01-13T05:07:44-06:00'
2021-01-13 21:10:09 CST - password - ERROR - Fail to process metric values: could not convert string to float: 'Down'
2021-01-13 21:43:40 CST - password - ERROR - Fail to process metric values: could not convert string to float: '2021-01-13T05:07:44-06:00'
2021-01-13 21:43:40 CST - password - ERROR - Fail to process metric values: could not convert string to float: 'Down'
2021-01-13 22:14:03 CST - password - ERROR - Fail to process metric values: could not convert string to float: '2021-01-14T04:08:53-06:00'
2021-01-13 22:14:13 CST - password - ERROR - Fail to process metric values: could not convert string to float: 'Down'
